<?xml version="1.0" encoding="UTF-8"?>
<coverage generated="1744344803913" clover="3.2.0">
  <project timestamp="1744344803913" name="All files">
    <metrics statements="61" coveredstatements="61" conditionals="36" coveredconditionals="36" methods="26" coveredmethods="25" elements="123" coveredelements="122" complexity="0" loc="61" ncloc="61" packages="5" files="10" classes="10"/>
    <package name="components.BookItem">
      <metrics statements="2" coveredstatements="2" conditionals="0" coveredconditionals="0" methods="1" coveredmethods="1"/>
      <file name="index.tsx" path="/Users/luizgabriel/Desktop/ecommerce-store-app/src/components/BookItem/index.tsx">
        <metrics statements="1" coveredstatements="1" conditionals="0" coveredconditionals="0" methods="1" coveredmethods="1"/>
        <line num="14" count="23" type="stmt"/>
      </file>
      <file name="styles.ts" path="/Users/luizgabriel/Desktop/ecommerce-store-app/src/components/BookItem/styles.ts">
        <metrics statements="1" coveredstatements="1" conditionals="0" coveredconditionals="0" methods="0" coveredmethods="0"/>
        <line num="3" count="2" type="stmt"/>
      </file>
    </package>
    <package name="components.InputField">
      <metrics statements="2" coveredstatements="2" conditionals="0" coveredconditionals="0" methods="1" coveredmethods="1"/>
      <file name="index.tsx" path="/Users/luizgabriel/Desktop/ecommerce-store-app/src/components/InputField/index.tsx">
        <metrics statements="1" coveredstatements="1" conditionals="0" coveredconditionals="0" methods="1" coveredmethods="1"/>
        <line num="11" count="63" type="stmt"/>
      </file>
      <file name="styles.ts" path="/Users/luizgabriel/Desktop/ecommerce-store-app/src/components/InputField/styles.ts">
        <metrics statements="1" coveredstatements="1" conditionals="0" coveredconditionals="0" methods="0" coveredmethods="0"/>
        <line num="3" count="3" type="stmt"/>
      </file>
    </package>
    <package name="components.ModalForm">
      <metrics statements="10" coveredstatements="10" conditionals="14" coveredconditionals="14" methods="8" coveredmethods="8"/>
      <file name="index.tsx" path="/Users/luizgabriel/Desktop/ecommerce-store-app/src/components/ModalForm/index.tsx">
        <metrics statements="9" coveredstatements="9" conditionals="14" coveredconditionals="14" methods="8" coveredmethods="8"/>
        <line num="36" count="18" type="stmt"/>
        <line num="45" count="18" type="stmt"/>
        <line num="58" count="4" type="cond" truecount="2" falsecount="0"/>
        <line num="61" count="16" type="stmt"/>
        <line num="79" count="14" type="stmt"/>
        <line num="97" count="4" type="cond" truecount="2" falsecount="0"/>
        <line num="100" count="16" type="stmt"/>
        <line num="118" count="4" type="cond" truecount="2" falsecount="0"/>
        <line num="121" count="20" type="stmt"/>
      </file>
      <file name="styles.ts" path="/Users/luizgabriel/Desktop/ecommerce-store-app/src/components/ModalForm/styles.ts">
        <metrics statements="1" coveredstatements="1" conditionals="0" coveredconditionals="0" methods="0" coveredmethods="0"/>
        <line num="3" count="2" type="stmt"/>
      </file>
    </package>
    <package name="screens.Home">
      <metrics statements="15" coveredstatements="15" conditionals="0" coveredconditionals="0" methods="8" coveredmethods="7"/>
      <file name="home.styles.ts" path="/Users/luizgabriel/Desktop/ecommerce-store-app/src/screens/Home/home.styles.ts">
        <metrics statements="1" coveredstatements="1" conditionals="0" coveredconditionals="0" methods="0" coveredmethods="0"/>
        <line num="3" count="1" type="stmt"/>
      </file>
      <file name="home.tsx" path="/Users/luizgabriel/Desktop/ecommerce-store-app/src/screens/Home/home.tsx">
        <metrics statements="14" coveredstatements="14" conditionals="0" coveredconditionals="0" methods="8" coveredmethods="7"/>
        <line num="11" count="8" type="stmt"/>
        <line num="12" count="8" type="stmt"/>
        <line num="13" count="8" type="stmt"/>
        <line num="15" count="8" type="stmt"/>
        <line num="16" count="1" type="stmt"/>
        <line num="17" count="1" type="stmt"/>
        <line num="18" count="1" type="stmt"/>
        <line num="21" count="8" type="stmt"/>
        <line num="24" count="8" type="stmt"/>
        <line num="28" count="2" type="stmt"/>
        <line num="35" count="1" type="stmt"/>
        <line num="46" count="21" type="stmt"/>
        <line num="54" count="25" type="stmt"/>
        <line num="58" count="1" type="stmt"/>
      </file>
    </package>
    <package name="utils">
      <metrics statements="32" coveredstatements="32" conditionals="22" coveredconditionals="22" methods="8" coveredmethods="8"/>
      <file name="sorting.ts" path="/Users/luizgabriel/Desktop/ecommerce-store-app/src/utils/sorting.ts">
        <metrics statements="12" coveredstatements="12" conditionals="5" coveredconditionals="5" methods="5" coveredmethods="5"/>
        <line num="2" count="5" type="stmt"/>
        <line num="4" count="5" type="cond" truecount="5" falsecount="0"/>
        <line num="6" count="3" type="stmt"/>
        <line num="7" count="1" type="stmt"/>
        <line num="9" count="4" type="stmt"/>
        <line num="10" count="1" type="stmt"/>
        <line num="12" count="3" type="stmt"/>
        <line num="13" count="1" type="stmt"/>
        <line num="15" count="4" type="stmt"/>
        <line num="16" count="1" type="stmt"/>
        <line num="18" count="1" type="stmt"/>
        <line num="21" count="5" type="stmt"/>
      </file>
      <file name="validateInputs.ts" path="/Users/luizgabriel/Desktop/ecommerce-store-app/src/utils/validateInputs.ts">
        <metrics statements="20" coveredstatements="20" conditionals="17" coveredconditionals="17" methods="3" coveredmethods="3"/>
        <line num="2" count="18" type="stmt"/>
        <line num="4" count="18" type="cond" truecount="2" falsecount="0"/>
        <line num="5" count="7" type="stmt"/>
        <line num="8" count="11" type="stmt"/>
        <line num="10" count="11" type="cond" truecount="2" falsecount="0"/>
        <line num="11" count="4" type="stmt"/>
        <line num="14" count="7" type="stmt"/>
        <line num="15" count="7" type="stmt"/>
        <line num="19" count="7" type="cond" truecount="2" falsecount="0"/>
        <line num="20" count="5" type="stmt"/>
        <line num="22" count="2" type="stmt"/>
        <line num="26" count="8" type="stmt"/>
        <line num="27" count="131" type="stmt"/>
        <line num="28" count="131" type="stmt"/>
        <line num="30" count="131" type="cond" truecount="4" falsecount="0"/>
        <line num="32" count="131" type="cond" truecount="2" falsecount="0"/>
        <line num="34" count="131" type="stmt"/>
        <line num="36" count="131" type="cond" truecount="5" falsecount="0"/>
        <line num="37" count="3" type="stmt"/>
        <line num="41" count="5" type="stmt"/>
      </file>
    </package>
  </project>
</coverage>
