<?xml version="1.0" encoding="UTF-8"?>
<coverage generated="1743737408607" clover="3.2.0">
  <project timestamp="1743737408607" name="All files">
    <metrics statements="27" coveredstatements="26" conditionals="7" coveredconditionals="5" methods="13" coveredmethods="11" elements="47" coveredelements="42" complexity="0" loc="27" ncloc="27" packages="3" files="5" classes="5"/>
    <package name="components.BookItem">
      <metrics statements="2" coveredstatements="2" conditionals="0" coveredconditionals="0" methods="1" coveredmethods="1"/>
      <file name="index.tsx" path="/Users/luizgabriel/Desktop/ecommerce-store-app/src/components/BookItem/index.tsx">
        <metrics statements="1" coveredstatements="1" conditionals="0" coveredconditionals="0" methods="1" coveredmethods="1"/>
        <line num="14" count="8" type="stmt"/>
      </file>
      <file name="styles.ts" path="/Users/luizgabriel/Desktop/ecommerce-store-app/src/components/BookItem/styles.ts">
        <metrics statements="1" coveredstatements="1" conditionals="0" coveredconditionals="0" methods="0" coveredmethods="0"/>
        <line num="3" count="2" type="stmt"/>
      </file>
    </package>
    <package name="screens.Home">
      <metrics statements="13" coveredstatements="13" conditionals="2" coveredconditionals="1" methods="7" coveredmethods="5"/>
      <file name="home.styles.ts" path="/Users/luizgabriel/Desktop/ecommerce-store-app/src/screens/Home/home.styles.ts">
        <metrics statements="1" coveredstatements="1" conditionals="0" coveredconditionals="0" methods="0" coveredmethods="0"/>
        <line num="3" count="1" type="stmt"/>
      </file>
      <file name="home.tsx" path="/Users/luizgabriel/Desktop/ecommerce-store-app/src/screens/Home/home.tsx">
        <metrics statements="12" coveredstatements="12" conditionals="2" coveredconditionals="1" methods="7" coveredmethods="5"/>
        <line num="11" count="3" type="stmt"/>
        <line num="12" count="3" type="stmt"/>
        <line num="14" count="3" type="stmt"/>
        <line num="15" count="3" type="stmt"/>
        <line num="17" count="3" type="stmt"/>
        <line num="18" count="1" type="stmt"/>
        <line num="19" count="1" type="stmt"/>
        <line num="20" count="1" type="stmt"/>
        <line num="23" count="3" type="stmt"/>
        <line num="37" count="1" type="stmt"/>
        <line num="49" count="6" type="stmt"/>
        <line num="57" count="8" type="stmt"/>
      </file>
    </package>
    <package name="utils">
      <metrics statements="12" coveredstatements="11" conditionals="5" coveredconditionals="4" methods="5" coveredmethods="5"/>
      <file name="sorting.ts" path="/Users/luizgabriel/Desktop/ecommerce-store-app/src/utils/sorting.ts">
        <metrics statements="12" coveredstatements="11" conditionals="5" coveredconditionals="4" methods="5" coveredmethods="5"/>
        <line num="2" count="4" type="stmt"/>
        <line num="4" count="4" type="cond" truecount="4" falsecount="1"/>
        <line num="6" count="3" type="stmt"/>
        <line num="7" count="1" type="stmt"/>
        <line num="9" count="4" type="stmt"/>
        <line num="10" count="1" type="stmt"/>
        <line num="12" count="3" type="stmt"/>
        <line num="13" count="1" type="stmt"/>
        <line num="15" count="4" type="stmt"/>
        <line num="16" count="1" type="stmt"/>
        <line num="18" count="0" type="stmt"/>
        <line num="21" count="4" type="stmt"/>
      </file>
    </package>
  </project>
</coverage>
