{"/Users/luizgabriel/Desktop/ecommerce-store-app/src/components/BookItem/index.tsx": {"path":"/Users/luizgabriel/Desktop/ecommerce-store-app/src/components/BookItem/index.tsx","statementMap":{"0":{"start":{"line":14,"column":4},"end":{"line":21,"column":6}}},"fnMap":{"0":{"name":"ItemProduct","decl":{"start":{"line":13,"column":24},"end":{"line":13,"column":35}},"loc":{"start":{"line":13,"column":56},"end":{"line":22,"column":1}},"line":13}},"branchMap":{},"s":{"0":23},"f":{"0":23},"b":{},"_coverageSchema":"1a1c01bbd47fc00a2c39e90264f33305004495a9","hash":"7e2b3168b1fc3c73485ad9d02884522bb66c2b47"}
,"/Users/luizgabriel/Desktop/ecommerce-store-app/src/components/BookItem/styles.ts": {"path":"/Users/luizgabriel/Desktop/ecommerce-store-app/src/components/BookItem/styles.ts","statementMap":{"0":{"start":{"line":3,"column":22},"end":{"line":32,"column":2}}},"fnMap":{},"branchMap":{},"s":{"0":2},"f":{},"b":{},"_coverageSchema":"1a1c01bbd47fc00a2c39e90264f33305004495a9","hash":"b808d3d42bf0989b8dbb7cc0d3daf4f2c6bc66a7"}
,"/Users/luizgabriel/Desktop/ecommerce-store-app/src/components/InputField/index.tsx": {"path":"/Users/luizgabriel/Desktop/ecommerce-store-app/src/components/InputField/index.tsx","statementMap":{"0":{"start":{"line":11,"column":2},"end":{"line":18,"column":4}}},"fnMap":{"0":{"name":"InputField","decl":{"start":{"line":10,"column":24},"end":{"line":10,"column":34}},"loc":{"start":{"line":10,"column":82},"end":{"line":19,"column":1}},"line":10}},"branchMap":{},"s":{"0":63},"f":{"0":63},"b":{},"_coverageSchema":"1a1c01bbd47fc00a2c39e90264f33305004495a9","hash":"7cd0ec15f3d9c305eb3b6d114a87d1e1a9b77b40"}
,"/Users/luizgabriel/Desktop/ecommerce-store-app/src/components/InputField/styles.ts": {"path":"/Users/luizgabriel/Desktop/ecommerce-store-app/src/components/InputField/styles.ts","statementMap":{"0":{"start":{"line":3,"column":22},"end":{"line":12,"column":4}}},"fnMap":{},"branchMap":{},"s":{"0":3},"f":{},"b":{},"_coverageSchema":"1a1c01bbd47fc00a2c39e90264f33305004495a9","hash":"96bb57582b5dd32bde54172500ef99d1c4d2b9f0"}
,"/Users/luizgabriel/Desktop/ecommerce-store-app/src/components/ModalForm/index.tsx": {"path":"/Users/luizgabriel/Desktop/ecommerce-store-app/src/components/ModalForm/index.tsx","statementMap":{"0":{"start":{"line":36,"column":6},"end":{"line":43,"column":4}},"1":{"start":{"line":45,"column":2},"end":{"line":145,"column":4}},"2":{"start":{"line":58,"column":37},"end":{"line":58,"column":76}},"3":{"start":{"line":61,"column":16},"end":{"line":66,"column":18}},"4":{"start":{"line":79,"column":16},"end":{"line":84,"column":18}},"5":{"start":{"line":97,"column":37},"end":{"line":97,"column":88}},"6":{"start":{"line":100,"column":16},"end":{"line":105,"column":18}},"7":{"start":{"line":118,"column":37},"end":{"line":118,"column":83}},"8":{"start":{"line":121,"column":16},"end":{"line":126,"column":18}}},"fnMap":{"0":{"name":"ModalForm","decl":{"start":{"line":27,"column":24},"end":{"line":27,"column":33}},"loc":{"start":{"line":31,"column":19},"end":{"line":146,"column":1}},"line":31},"1":{"name":"(anonymous_1)","decl":{"start":{"line":58,"column":26},"end":{"line":58,"column":27}},"loc":{"start":{"line":58,"column":37},"end":{"line":58,"column":76}},"line":58},"2":{"name":"(anonymous_2)","decl":{"start":{"line":60,"column":22},"end":{"line":60,"column":23}},"loc":{"start":{"line":61,"column":16},"end":{"line":66,"column":18}},"line":61},"3":{"name":"(anonymous_3)","decl":{"start":{"line":78,"column":22},"end":{"line":78,"column":23}},"loc":{"start":{"line":79,"column":16},"end":{"line":84,"column":18}},"line":79},"4":{"name":"(anonymous_4)","decl":{"start":{"line":97,"column":26},"end":{"line":97,"column":27}},"loc":{"start":{"line":97,"column":37},"end":{"line":97,"column":88}},"line":97},"5":{"name":"(anonymous_5)","decl":{"start":{"line":99,"column":22},"end":{"line":99,"column":23}},"loc":{"start":{"line":100,"column":16},"end":{"line":105,"column":18}},"line":100},"6":{"name":"(anonymous_6)","decl":{"start":{"line":118,"column":26},"end":{"line":118,"column":27}},"loc":{"start":{"line":118,"column":37},"end":{"line":118,"column":83}},"line":118},"7":{"name":"(anonymous_7)","decl":{"start":{"line":120,"column":22},"end":{"line":120,"column":23}},"loc":{"start":{"line":121,"column":16},"end":{"line":126,"column":18}},"line":121}},"branchMap":{"0":{"loc":{"start":{"line":58,"column":37},"end":{"line":58,"column":76}},"type":"binary-expr","locations":[{"start":{"line":58,"column":37},"end":{"line":58,"column":57}},{"start":{"line":58,"column":61},"end":{"line":58,"column":76}}],"line":58},"1":{"loc":{"start":{"line":69,"column":13},"end":{"line":71,"column":13}},"type":"binary-expr","locations":[{"start":{"line":69,"column":13},"end":{"line":69,"column":25}},{"start":{"line":70,"column":14},"end":{"line":70,"column":70}}],"line":69},"2":{"loc":{"start":{"line":87,"column":13},"end":{"line":89,"column":13}},"type":"binary-expr","locations":[{"start":{"line":87,"column":13},"end":{"line":87,"column":26}},{"start":{"line":88,"column":14},"end":{"line":88,"column":71}}],"line":87},"3":{"loc":{"start":{"line":97,"column":37},"end":{"line":97,"column":88}},"type":"binary-expr","locations":[{"start":{"line":97,"column":37},"end":{"line":97,"column":63}},{"start":{"line":97,"column":67},"end":{"line":97,"column":88}}],"line":97},"4":{"loc":{"start":{"line":108,"column":13},"end":{"line":110,"column":13}},"type":"binary-expr","locations":[{"start":{"line":108,"column":13},"end":{"line":108,"column":31}},{"start":{"line":109,"column":14},"end":{"line":109,"column":76}}],"line":108},"5":{"loc":{"start":{"line":118,"column":37},"end":{"line":118,"column":83}},"type":"binary-expr","locations":[{"start":{"line":118,"column":37},"end":{"line":118,"column":57}},{"start":{"line":118,"column":61},"end":{"line":118,"column":83}}],"line":118},"6":{"loc":{"start":{"line":129,"column":13},"end":{"line":131,"column":13}},"type":"binary-expr","locations":[{"start":{"line":129,"column":13},"end":{"line":129,"column":25}},{"start":{"line":130,"column":14},"end":{"line":130,"column":70}}],"line":129}},"s":{"0":18,"1":18,"2":4,"3":16,"4":14,"5":4,"6":16,"7":4,"8":20},"f":{"0":18,"1":4,"2":16,"3":14,"4":4,"5":16,"6":4,"7":20},"b":{"0":[4,1],"1":[18,1],"2":[18,2],"3":[4,1],"4":[18,1],"5":[4,3],"6":[18,3]},"_coverageSchema":"1a1c01bbd47fc00a2c39e90264f33305004495a9","hash":"f355a030b886f232e73ac49bcf02654fcf08fc29"}
,"/Users/luizgabriel/Desktop/ecommerce-store-app/src/components/ModalForm/styles.ts": {"path":"/Users/luizgabriel/Desktop/ecommerce-store-app/src/components/ModalForm/styles.ts","statementMap":{"0":{"start":{"line":3,"column":22},"end":{"line":46,"column":4}}},"fnMap":{},"branchMap":{},"s":{"0":2},"f":{},"b":{},"_coverageSchema":"1a1c01bbd47fc00a2c39e90264f33305004495a9","hash":"4e52d58bb94b4dc70b1cf7873071762f993874ec"}
,"/Users/luizgabriel/Desktop/ecommerce-store-app/src/screens/Home/home.styles.ts": {"path":"/Users/luizgabriel/Desktop/ecommerce-store-app/src/screens/Home/home.styles.ts","statementMap":{"0":{"start":{"line":3,"column":22},"end":{"line":49,"column":2}}},"fnMap":{},"branchMap":{},"s":{"0":1},"f":{},"b":{},"_coverageSchema":"1a1c01bbd47fc00a2c39e90264f33305004495a9","hash":"cbc513488a6ce471cefa48c18e9f8f8363226fbe"}
,"/Users/luizgabriel/Desktop/ecommerce-store-app/src/screens/Home/home.tsx": {"path":"/Users/luizgabriel/Desktop/ecommerce-store-app/src/screens/Home/home.tsx","statementMap":{"0":{"start":{"line":11,"column":28},"end":{"line":11,"column":53}},"1":{"start":{"line":12,"column":26},"end":{"line":12,"column":38}},"2":{"start":{"line":13,"column":36},"end":{"line":13,"column":51}},"3":{"start":{"line":15,"column":24},"end":{"line":19,"column":3}},"4":{"start":{"line":16,"column":24},"end":{"line":16,"column":49}},"5":{"start":{"line":17,"column":4},"end":{"line":17,"column":26}},"6":{"start":{"line":18,"column":4},"end":{"line":18,"column":18}},"7":{"start":{"line":21,"column":27},"end":{"line":22,"column":3}},"8":{"start":{"line":24,"column":2},"end":{"line":62,"column":4}},"9":{"start":{"line":28,"column":63},"end":{"line":28,"column":81}},"10":{"start":{"line":35,"column":38},"end":{"line":35,"column":62}},"11":{"start":{"line":46,"column":10},"end":{"line":52,"column":12}},"12":{"start":{"line":54,"column":32},"end":{"line":54,"column":50}},"13":{"start":{"line":58,"column":23},"end":{"line":58,"column":42}}},"fnMap":{"0":{"name":"Home","decl":{"start":{"line":10,"column":24},"end":{"line":10,"column":28}},"loc":{"start":{"line":10,"column":31},"end":{"line":63,"column":1}},"line":10},"1":{"name":"(anonymous_1)","decl":{"start":{"line":15,"column":24},"end":{"line":15,"column":25}},"loc":{"start":{"line":15,"column":34},"end":{"line":19,"column":3}},"line":15},"2":{"name":"(anonymous_2)","decl":{"start":{"line":21,"column":27},"end":{"line":21,"column":28}},"loc":{"start":{"line":21,"column":33},"end":{"line":22,"column":3}},"line":21},"3":{"name":"(anonymous_3)","decl":{"start":{"line":28,"column":57},"end":{"line":28,"column":58}},"loc":{"start":{"line":28,"column":63},"end":{"line":28,"column":81}},"line":28},"4":{"name":"(anonymous_4)","decl":{"start":{"line":35,"column":23},"end":{"line":35,"column":24}},"loc":{"start":{"line":35,"column":38},"end":{"line":35,"column":62}},"line":35},"5":{"name":"(anonymous_5)","decl":{"start":{"line":45,"column":20},"end":{"line":45,"column":21}},"loc":{"start":{"line":46,"column":10},"end":{"line":52,"column":12}},"line":46},"6":{"name":"(anonymous_6)","decl":{"start":{"line":54,"column":22},"end":{"line":54,"column":23}},"loc":{"start":{"line":54,"column":32},"end":{"line":54,"column":50}},"line":54},"7":{"name":"(anonymous_7)","decl":{"start":{"line":58,"column":17},"end":{"line":58,"column":18}},"loc":{"start":{"line":58,"column":23},"end":{"line":58,"column":42}},"line":58}},"branchMap":{},"s":{"0":8,"1":8,"2":8,"3":8,"4":1,"5":1,"6":1,"7":8,"8":8,"9":2,"10":1,"11":21,"12":25,"13":1},"f":{"0":8,"1":1,"2":0,"3":2,"4":1,"5":21,"6":25,"7":1},"b":{},"_coverageSchema":"1a1c01bbd47fc00a2c39e90264f33305004495a9","hash":"4b4b05391090b7f5ab7c902ba1c210062e010928"}
,"/Users/luizgabriel/Desktop/ecommerce-store-app/src/utils/sorting.ts": {"path":"/Users/luizgabriel/Desktop/ecommerce-store-app/src/utils/sorting.ts","statementMap":{"0":{"start":{"line":2,"column":22},"end":{"line":2,"column":32}},"1":{"start":{"line":4,"column":4},"end":{"line":19,"column":5}},"2":{"start":{"line":6,"column":8},"end":{"line":6,"column":81}},"3":{"start":{"line":6,"column":49},"end":{"line":6,"column":79}},"4":{"start":{"line":7,"column":8},"end":{"line":7,"column":14}},"5":{"start":{"line":9,"column":8},"end":{"line":9,"column":81}},"6":{"start":{"line":9,"column":49},"end":{"line":9,"column":79}},"7":{"start":{"line":10,"column":8},"end":{"line":10,"column":14}},"8":{"start":{"line":12,"column":8},"end":{"line":12,"column":68}},"9":{"start":{"line":12,"column":49},"end":{"line":12,"column":66}},"10":{"start":{"line":13,"column":8},"end":{"line":13,"column":14}},"11":{"start":{"line":15,"column":8},"end":{"line":15,"column":68}},"12":{"start":{"line":15,"column":49},"end":{"line":15,"column":66}},"13":{"start":{"line":16,"column":8},"end":{"line":16,"column":14}},"14":{"start":{"line":18,"column":8},"end":{"line":18,"column":14}},"15":{"start":{"line":21,"column":4},"end":{"line":21,"column":23}}},"fnMap":{"0":{"name":"sortingBooks","decl":{"start":{"line":1,"column":16},"end":{"line":1,"column":28}},"loc":{"start":{"line":1,"column":42},"end":{"line":22,"column":3}},"line":1},"1":{"name":"(anonymous_1)","decl":{"start":{"line":6,"column":39},"end":{"line":6,"column":40}},"loc":{"start":{"line":6,"column":49},"end":{"line":6,"column":79}},"line":6},"2":{"name":"(anonymous_2)","decl":{"start":{"line":9,"column":39},"end":{"line":9,"column":40}},"loc":{"start":{"line":9,"column":49},"end":{"line":9,"column":79}},"line":9},"3":{"name":"(anonymous_3)","decl":{"start":{"line":12,"column":39},"end":{"line":12,"column":40}},"loc":{"start":{"line":12,"column":49},"end":{"line":12,"column":66}},"line":12},"4":{"name":"(anonymous_4)","decl":{"start":{"line":15,"column":39},"end":{"line":15,"column":40}},"loc":{"start":{"line":15,"column":49},"end":{"line":15,"column":66}},"line":15}},"branchMap":{"0":{"loc":{"start":{"line":4,"column":4},"end":{"line":19,"column":5}},"type":"switch","locations":[{"start":{"line":5,"column":6},"end":{"line":7,"column":14}},{"start":{"line":8,"column":6},"end":{"line":10,"column":14}},{"start":{"line":11,"column":6},"end":{"line":13,"column":14}},{"start":{"line":14,"column":6},"end":{"line":16,"column":14}},{"start":{"line":17,"column":6},"end":{"line":18,"column":14}}],"line":4}},"s":{"0":5,"1":5,"2":1,"3":3,"4":1,"5":1,"6":4,"7":1,"8":1,"9":3,"10":1,"11":1,"12":4,"13":1,"14":1,"15":5},"f":{"0":5,"1":3,"2":4,"3":3,"4":4},"b":{"0":[1,1,1,1,1]},"_coverageSchema":"1a1c01bbd47fc00a2c39e90264f33305004495a9","hash":"6596e2f7d601ff97ffa85b96a8af3761c5fc7a6a"}
,"/Users/luizgabriel/Desktop/ecommerce-store-app/src/utils/validateInputs.ts": {"path":"/Users/luizgabriel/Desktop/ecommerce-store-app/src/utils/validateInputs.ts","statementMap":{"0":{"start":{"line":2,"column":16},"end":{"line":2,"column":29}},"1":{"start":{"line":4,"column":4},"end":{"line":6,"column":5}},"2":{"start":{"line":5,"column":6},"end":{"line":5,"column":19}},"3":{"start":{"line":8,"column":16},"end":{"line":8,"column":27}},"4":{"start":{"line":10,"column":4},"end":{"line":12,"column":5}},"5":{"start":{"line":11,"column":6},"end":{"line":11,"column":18}},"6":{"start":{"line":14,"column":25},"end":{"line":14,"column":42}},"7":{"start":{"line":15,"column":4},"end":{"line":15,"column":36}},"8":{"start":{"line":19,"column":4},"end":{"line":21,"column":5}},"9":{"start":{"line":20,"column":8},"end":{"line":20,"column":19}},"10":{"start":{"line":22,"column":4},"end":{"line":22,"column":16}},"11":{"start":{"line":26,"column":4},"end":{"line":39,"column":5}},"12":{"start":{"line":26,"column":17},"end":{"line":26,"column":18}},"13":{"start":{"line":27,"column":19},"end":{"line":27,"column":27}},"14":{"start":{"line":28,"column":19},"end":{"line":28,"column":37}},"15":{"start":{"line":30,"column":23},"end":{"line":30,"column":80}},"16":{"start":{"line":32,"column":23},"end":{"line":32,"column":47}},"17":{"start":{"line":34,"column":22},"end":{"line":34,"column":33}},"18":{"start":{"line":36,"column":6},"end":{"line":38,"column":7}},"19":{"start":{"line":37,"column":8},"end":{"line":37,"column":21}},"20":{"start":{"line":41,"column":4},"end":{"line":41,"column":16}}},"fnMap":{"0":{"name":"validatePrice","decl":{"start":{"line":1,"column":16},"end":{"line":1,"column":29}},"loc":{"start":{"line":1,"column":37},"end":{"line":16,"column":1}},"line":1},"1":{"name":"validateDescription","decl":{"start":{"line":18,"column":16},"end":{"line":18,"column":35}},"loc":{"start":{"line":18,"column":43},"end":{"line":23,"column":1}},"line":18},"2":{"name":"validateTitle","decl":{"start":{"line":25,"column":16},"end":{"line":25,"column":29}},"loc":{"start":{"line":25,"column":37},"end":{"line":42,"column":1}},"line":25}},"branchMap":{"0":{"loc":{"start":{"line":4,"column":4},"end":{"line":6,"column":5}},"type":"if","locations":[{"start":{"line":4,"column":4},"end":{"line":6,"column":5}},{"start":{},"end":{}}],"line":4},"1":{"loc":{"start":{"line":10,"column":4},"end":{"line":12,"column":5}},"type":"if","locations":[{"start":{"line":10,"column":4},"end":{"line":12,"column":5}},{"start":{},"end":{}}],"line":10},"2":{"loc":{"start":{"line":19,"column":4},"end":{"line":21,"column":5}},"type":"if","locations":[{"start":{"line":19,"column":4},"end":{"line":21,"column":5}},{"start":{},"end":{}}],"line":19},"3":{"loc":{"start":{"line":30,"column":23},"end":{"line":30,"column":80}},"type":"binary-expr","locations":[{"start":{"line":30,"column":24},"end":{"line":30,"column":34}},{"start":{"line":30,"column":38},"end":{"line":30,"column":48}},{"start":{"line":30,"column":54},"end":{"line":30,"column":64}},{"start":{"line":30,"column":68},"end":{"line":30,"column":79}}],"line":30},"4":{"loc":{"start":{"line":32,"column":23},"end":{"line":32,"column":47}},"type":"binary-expr","locations":[{"start":{"line":32,"column":23},"end":{"line":32,"column":33}},{"start":{"line":32,"column":37},"end":{"line":32,"column":47}}],"line":32},"5":{"loc":{"start":{"line":36,"column":6},"end":{"line":38,"column":7}},"type":"if","locations":[{"start":{"line":36,"column":6},"end":{"line":38,"column":7}},{"start":{},"end":{}}],"line":36},"6":{"loc":{"start":{"line":36,"column":10},"end":{"line":36,"column":44}},"type":"binary-expr","locations":[{"start":{"line":36,"column":10},"end":{"line":36,"column":19}},{"start":{"line":36,"column":23},"end":{"line":36,"column":32}},{"start":{"line":36,"column":36},"end":{"line":36,"column":44}}],"line":36}},"s":{"0":18,"1":18,"2":7,"3":11,"4":11,"5":4,"6":7,"7":7,"8":7,"9":5,"10":2,"11":8,"12":8,"13":131,"14":131,"15":131,"16":131,"17":131,"18":131,"19":3,"20":5},"f":{"0":18,"1":7,"2":8},"b":{"0":[7,11],"1":[4,7],"2":[5,2],"3":[131,116,120,105],"4":[131,118],"5":[3,128],"6":[131,15,15]},"_coverageSchema":"1a1c01bbd47fc00a2c39e90264f33305004495a9","hash":"bd7aa67fa322fdb55c5722be3a743546785b01a3"}
}
