{"/Users/luizgabriel/Desktop/ecommerce-store-app/src/components/BookItem/index.tsx": {"path":"/Users/luizgabriel/Desktop/ecommerce-store-app/src/components/BookItem/index.tsx","statementMap":{"0":{"start":{"line":14,"column":4},"end":{"line":21,"column":6}}},"fnMap":{"0":{"name":"ItemProduct","decl":{"start":{"line":13,"column":24},"end":{"line":13,"column":35}},"loc":{"start":{"line":13,"column":56},"end":{"line":22,"column":1}},"line":13}},"branchMap":{},"s":{"0":8},"f":{"0":8},"b":{},"_coverageSchema":"1a1c01bbd47fc00a2c39e90264f33305004495a9","hash":"7e2b3168b1fc3c73485ad9d02884522bb66c2b47"}
,"/Users/luizgabriel/Desktop/ecommerce-store-app/src/components/BookItem/styles.ts": {"path":"/Users/luizgabriel/Desktop/ecommerce-store-app/src/components/BookItem/styles.ts","statementMap":{"0":{"start":{"line":3,"column":22},"end":{"line":32,"column":2}}},"fnMap":{},"branchMap":{},"s":{"0":2},"f":{},"b":{},"_coverageSchema":"1a1c01bbd47fc00a2c39e90264f33305004495a9","hash":"b808d3d42bf0989b8dbb7cc0d3daf4f2c6bc66a7"}
,"/Users/luizgabriel/Desktop/ecommerce-store-app/src/screens/Home/home.styles.ts": {"path":"/Users/luizgabriel/Desktop/ecommerce-store-app/src/screens/Home/home.styles.ts","statementMap":{"0":{"start":{"line":3,"column":22},"end":{"line":33,"column":2}}},"fnMap":{},"branchMap":{},"s":{"0":1},"f":{},"b":{},"_coverageSchema":"1a1c01bbd47fc00a2c39e90264f33305004495a9","hash":"2dde798843fdde49362f075d0a355e3e8a247dc5"}
,"/Users/luizgabriel/Desktop/ecommerce-store-app/src/screens/Home/home.tsx": {"path":"/Users/luizgabriel/Desktop/ecommerce-store-app/src/screens/Home/home.tsx","statementMap":{"0":{"start":{"line":11,"column":28},"end":{"line":11,"column":53}},"1":{"start":{"line":12,"column":26},"end":{"line":12,"column":38}},"2":{"start":{"line":14,"column":24},"end":{"line":18,"column":3}},"3":{"start":{"line":15,"column":24},"end":{"line":15,"column":49}},"4":{"start":{"line":16,"column":4},"end":{"line":16,"column":26}},"5":{"start":{"line":17,"column":4},"end":{"line":17,"column":18}},"6":{"start":{"line":20,"column":2},"end":{"line":50,"column":4}},"7":{"start":{"line":27,"column":38},"end":{"line":27,"column":62}},"8":{"start":{"line":39,"column":10},"end":{"line":45,"column":12}},"9":{"start":{"line":47,"column":32},"end":{"line":47,"column":50}}},"fnMap":{"0":{"name":"Home","decl":{"start":{"line":10,"column":24},"end":{"line":10,"column":28}},"loc":{"start":{"line":10,"column":31},"end":{"line":51,"column":1}},"line":10},"1":{"name":"(anonymous_1)","decl":{"start":{"line":14,"column":24},"end":{"line":14,"column":25}},"loc":{"start":{"line":14,"column":34},"end":{"line":18,"column":3}},"line":14},"2":{"name":"(anonymous_2)","decl":{"start":{"line":27,"column":23},"end":{"line":27,"column":24}},"loc":{"start":{"line":27,"column":38},"end":{"line":27,"column":62}},"line":27},"3":{"name":"(anonymous_3)","decl":{"start":{"line":38,"column":20},"end":{"line":38,"column":21}},"loc":{"start":{"line":39,"column":10},"end":{"line":45,"column":12}},"line":39},"4":{"name":"(anonymous_4)","decl":{"start":{"line":47,"column":22},"end":{"line":47,"column":23}},"loc":{"start":{"line":47,"column":32},"end":{"line":47,"column":50}},"line":47}},"branchMap":{},"s":{"0":3,"1":3,"2":3,"3":1,"4":1,"5":1,"6":3,"7":1,"8":6,"9":8},"f":{"0":3,"1":1,"2":1,"3":6,"4":8},"b":{},"_coverageSchema":"1a1c01bbd47fc00a2c39e90264f33305004495a9","hash":"f75da36a28c38d15cd7f1d79e9b876901f5917c1"}
,"/Users/luizgabriel/Desktop/ecommerce-store-app/src/utils/sorting.ts": {"path":"/Users/luizgabriel/Desktop/ecommerce-store-app/src/utils/sorting.ts","statementMap":{"0":{"start":{"line":2,"column":22},"end":{"line":2,"column":32}},"1":{"start":{"line":4,"column":4},"end":{"line":19,"column":5}},"2":{"start":{"line":6,"column":8},"end":{"line":6,"column":81}},"3":{"start":{"line":6,"column":49},"end":{"line":6,"column":79}},"4":{"start":{"line":7,"column":8},"end":{"line":7,"column":14}},"5":{"start":{"line":9,"column":8},"end":{"line":9,"column":81}},"6":{"start":{"line":9,"column":49},"end":{"line":9,"column":79}},"7":{"start":{"line":10,"column":8},"end":{"line":10,"column":14}},"8":{"start":{"line":12,"column":8},"end":{"line":12,"column":68}},"9":{"start":{"line":12,"column":49},"end":{"line":12,"column":66}},"10":{"start":{"line":13,"column":8},"end":{"line":13,"column":14}},"11":{"start":{"line":15,"column":8},"end":{"line":15,"column":68}},"12":{"start":{"line":15,"column":49},"end":{"line":15,"column":66}},"13":{"start":{"line":16,"column":8},"end":{"line":16,"column":14}},"14":{"start":{"line":18,"column":8},"end":{"line":18,"column":14}},"15":{"start":{"line":21,"column":4},"end":{"line":21,"column":23}}},"fnMap":{"0":{"name":"sortingBooks","decl":{"start":{"line":1,"column":16},"end":{"line":1,"column":28}},"loc":{"start":{"line":1,"column":42},"end":{"line":22,"column":3}},"line":1},"1":{"name":"(anonymous_1)","decl":{"start":{"line":6,"column":39},"end":{"line":6,"column":40}},"loc":{"start":{"line":6,"column":49},"end":{"line":6,"column":79}},"line":6},"2":{"name":"(anonymous_2)","decl":{"start":{"line":9,"column":39},"end":{"line":9,"column":40}},"loc":{"start":{"line":9,"column":49},"end":{"line":9,"column":79}},"line":9},"3":{"name":"(anonymous_3)","decl":{"start":{"line":12,"column":39},"end":{"line":12,"column":40}},"loc":{"start":{"line":12,"column":49},"end":{"line":12,"column":66}},"line":12},"4":{"name":"(anonymous_4)","decl":{"start":{"line":15,"column":39},"end":{"line":15,"column":40}},"loc":{"start":{"line":15,"column":49},"end":{"line":15,"column":66}},"line":15}},"branchMap":{"0":{"loc":{"start":{"line":4,"column":4},"end":{"line":19,"column":5}},"type":"switch","locations":[{"start":{"line":5,"column":6},"end":{"line":7,"column":14}},{"start":{"line":8,"column":6},"end":{"line":10,"column":14}},{"start":{"line":11,"column":6},"end":{"line":13,"column":14}},{"start":{"line":14,"column":6},"end":{"line":16,"column":14}},{"start":{"line":17,"column":6},"end":{"line":18,"column":14}}],"line":4}},"s":{"0":5,"1":5,"2":1,"3":3,"4":1,"5":1,"6":4,"7":1,"8":1,"9":3,"10":1,"11":1,"12":4,"13":1,"14":1,"15":5},"f":{"0":5,"1":3,"2":4,"3":3,"4":4},"b":{"0":[1,1,1,1,1]},"_coverageSchema":"1a1c01bbd47fc00a2c39e90264f33305004495a9","hash":"6596e2f7d601ff97ffa85b96a8af3761c5fc7a6a"}
}
