TN:
SF:src/components/BookItem/index.tsx
FN:13,ItemProduct
FNF:1
FNH:1
FNDA:8,ItemProduct
DA:14,8
LF:1
LH:1
BRF:0
BRH:0
end_of_record
TN:
SF:src/components/BookItem/styles.ts
FNF:0
FNH:0
DA:3,2
LF:1
LH:1
BRF:0
BRH:0
end_of_record
TN:
SF:src/screens/Home/home.styles.ts
FNF:0
FNH:0
DA:3,1
LF:1
LH:1
BRF:0
BRH:0
end_of_record
TN:
SF:src/screens/Home/home.tsx
FN:10,Home
FN:15,(anonymous_1)
FN:15,(anonymous_2)
FN:17,(anonymous_3)
FN:37,(anonymous_4)
FN:48,(anonymous_5)
FN:57,(anonymous_6)
FNF:7
FNH:5
FNDA:3,Home
FNDA:0,(anonymous_1)
FNDA:0,(anonymous_2)
FNDA:1,(anonymous_3)
FNDA:1,(anonymous_4)
FNDA:6,(anonymous_5)
FNDA:8,(anonymous_6)
DA:11,3
DA:12,3
DA:14,3
DA:15,3
DA:17,3
DA:18,1
DA:19,1
DA:20,1
DA:23,3
DA:37,1
DA:49,6
DA:57,8
LF:12
LH:12
BRDA:28,0,0,0
BRDA:28,0,1,3
BRF:2
BRH:1
end_of_record
TN:
SF:src/utils/sorting.ts
FN:1,sortingBooks
FN:6,(anonymous_1)
FN:9,(anonymous_2)
FN:12,(anonymous_3)
FN:15,(anonymous_4)
FNF:5
FNH:5
FNDA:4,sortingBooks
FNDA:3,(anonymous_1)
FNDA:4,(anonymous_2)
FNDA:3,(anonymous_3)
FNDA:4,(anonymous_4)
DA:2,4
DA:4,4
DA:6,3
DA:7,1
DA:9,4
DA:10,1
DA:12,3
DA:13,1
DA:15,4
DA:16,1
DA:18,0
DA:21,4
LF:12
LH:11
BRDA:4,0,0,1
BRDA:4,0,1,1
BRDA:4,0,2,1
BRDA:4,0,3,1
BRDA:4,0,4,0
BRF:5
BRH:4
end_of_record
