TN:
SF:src/components/BookItem/index.tsx
FN:13,ItemProduct
FNF:1
FNH:1
FNDA:23,ItemProduct
DA:14,23
LF:1
LH:1
BRF:0
BRH:0
end_of_record
TN:
SF:src/components/BookItem/styles.ts
FNF:0
FNH:0
DA:3,2
LF:1
LH:1
BRF:0
BRH:0
end_of_record
TN:
SF:src/components/InputField/index.tsx
FN:10,InputField
FNF:1
FNH:1
FNDA:63,InputField
DA:11,63
LF:1
LH:1
BRF:0
BRH:0
end_of_record
TN:
SF:src/components/InputField/styles.ts
FNF:0
FNH:0
DA:3,3
LF:1
LH:1
BRF:0
BRH:0
end_of_record
TN:
SF:src/components/ModalForm/index.tsx
FN:27,ModalForm
FN:58,(anonymous_1)
FN:60,(anonymous_2)
FN:78,(anonymous_3)
FN:97,(anonymous_4)
FN:99,(anonymous_5)
FN:118,(anonymous_6)
FN:120,(anonymous_7)
FNF:8
FNH:8
FNDA:18,ModalForm
FNDA:4,(anonymous_1)
FNDA:16,(anonymous_2)
FNDA:14,(anonymous_3)
FNDA:4,(anonymous_4)
FNDA:16,(anonymous_5)
FNDA:4,(anonymous_6)
FNDA:20,(anonymous_7)
DA:36,18
DA:45,18
DA:58,4
DA:61,16
DA:79,14
DA:97,4
DA:100,16
DA:118,4
DA:121,20
LF:9
LH:9
BRDA:58,0,0,4
BRDA:58,0,1,1
BRDA:69,1,0,18
BRDA:69,1,1,1
BRDA:87,2,0,18
BRDA:87,2,1,2
BRDA:97,3,0,4
BRDA:97,3,1,1
BRDA:108,4,0,18
BRDA:108,4,1,1
BRDA:118,5,0,4
BRDA:118,5,1,3
BRDA:129,6,0,18
BRDA:129,6,1,3
BRF:14
BRH:14
end_of_record
TN:
SF:src/components/ModalForm/styles.ts
FNF:0
FNH:0
DA:3,2
LF:1
LH:1
BRF:0
BRH:0
end_of_record
TN:
SF:src/screens/Home/home.styles.ts
FNF:0
FNH:0
DA:3,1
LF:1
LH:1
BRF:0
BRH:0
end_of_record
TN:
SF:src/screens/Home/home.tsx
FN:10,Home
FN:15,(anonymous_1)
FN:21,(anonymous_2)
FN:28,(anonymous_3)
FN:35,(anonymous_4)
FN:45,(anonymous_5)
FN:54,(anonymous_6)
FN:58,(anonymous_7)
FNF:8
FNH:7
FNDA:8,Home
FNDA:1,(anonymous_1)
FNDA:0,(anonymous_2)
FNDA:2,(anonymous_3)
FNDA:1,(anonymous_4)
FNDA:21,(anonymous_5)
FNDA:25,(anonymous_6)
FNDA:1,(anonymous_7)
DA:11,8
DA:12,8
DA:13,8
DA:15,8
DA:16,1
DA:17,1
DA:18,1
DA:21,8
DA:24,8
DA:28,2
DA:35,1
DA:46,21
DA:54,25
DA:58,1
LF:14
LH:14
BRF:0
BRH:0
end_of_record
TN:
SF:src/utils/sorting.ts
FN:1,sortingBooks
FN:6,(anonymous_1)
FN:9,(anonymous_2)
FN:12,(anonymous_3)
FN:15,(anonymous_4)
FNF:5
FNH:5
FNDA:5,sortingBooks
FNDA:3,(anonymous_1)
FNDA:4,(anonymous_2)
FNDA:3,(anonymous_3)
FNDA:4,(anonymous_4)
DA:2,5
DA:4,5
DA:6,3
DA:7,1
DA:9,4
DA:10,1
DA:12,3
DA:13,1
DA:15,4
DA:16,1
DA:18,1
DA:21,5
LF:12
LH:12
BRDA:4,0,0,1
BRDA:4,0,1,1
BRDA:4,0,2,1
BRDA:4,0,3,1
BRDA:4,0,4,1
BRF:5
BRH:5
end_of_record
TN:
SF:src/utils/validateInputs.ts
FN:1,validatePrice
FN:18,validateDescription
FN:25,validateTitle
FNF:3
FNH:3
FNDA:18,validatePrice
FNDA:7,validateDescription
FNDA:8,validateTitle
DA:2,18
DA:4,18
DA:5,7
DA:8,11
DA:10,11
DA:11,4
DA:14,7
DA:15,7
DA:19,7
DA:20,5
DA:22,2
DA:26,8
DA:27,131
DA:28,131
DA:30,131
DA:32,131
DA:34,131
DA:36,131
DA:37,3
DA:41,5
LF:20
LH:20
BRDA:4,0,0,7
BRDA:4,0,1,11
BRDA:10,1,0,4
BRDA:10,1,1,7
BRDA:19,2,0,5
BRDA:19,2,1,2
BRDA:30,3,0,131
BRDA:30,3,1,116
BRDA:30,3,2,120
BRDA:30,3,3,105
BRDA:32,4,0,131
BRDA:32,4,1,118
BRDA:36,5,0,3
BRDA:36,5,1,128
BRDA:36,6,0,131
BRDA:36,6,1,15
BRDA:36,6,2,15
BRF:17
BRH:17
end_of_record
